============================= test session starts ==============================
platform linux -- Python 3.11.4, pytest-7.3.1, pluggy-1.0.0 -- /usr/local/py-utils/venvs/pytest/bin/python
cachedir: .pytest_cache
metadata: {'Python': '3.11.4', 'Platform': 'Linux-6.8.0-1052-azure-x86_64-with-glibc2.31', 'Packages': {'pytest': '7.3.1', 'pluggy': '1.0.0'}, 'Plugins': {'html': '4.2.0', 'metadata': '3.1.1'}}
rootdir: /workspaces/2026SE_SoftwareProject_Michael.L
plugins: html-4.2.0, metadata-3.1.1
collecting ... collected 4 items

tests/test_main.py::test_validate_signup_input_valid PASSED              [ 25%]
tests/test_main.py::test_validate_signup_input_bad_password PASSED       [ 50%]
tests/test_main.py::test_is_safe_next PASSED                             [ 75%]
tests/test_main.py::test_generate_invite_code PASSED                     [100%]

============================== 4 passed in 0.42s ===============================
